2023-03-03T13:25:35.0061203 500 : [{"timestamp":"2023-03-03T18:25:34.991+00:00","status":500,"error":"Internal Server Error","message":"Invalid cursor position; nested exception is java.sql.SQLException: Invalid cursor position","path":"/transfer/3001"}]
2023-03-03T13:26:57.4359772 401 : [{"timestamp":"2023-03-03T18:26:57.415+00:00","status":401,"error":"Unauthorized","message":"User 2006 was not found.","path":"/account/2006"}]
2023-03-03T13:42:10.662284 500 : [{"timestamp":"2023-03-03T18:42:10.015+00:00","status":500,"error":"Internal Server Error","message":"Invalid cursor position; nested exception is java.sql.SQLException: Invalid cursor position","path":"/transfer/3003"}]
2023-03-03T13:43:29.3950798 500 : [{"timestamp":"2023-03-03T18:43:29.375+00:00","status":500,"error":"Internal Server Error","message":"Invalid cursor position; nested exception is java.sql.SQLException: Invalid cursor position","path":"/transfer/3004"}]
2023-03-03T13:43:37.8003014 500 : [{"timestamp":"2023-03-03T18:43:37.798+00:00","status":500,"error":"Internal Server Error","message":"Invalid cursor position; nested exception is java.sql.SQLException: Invalid cursor position","path":"/transfer/3005"}]
2023-03-03T13:46:33.5602009 401 : [{"timestamp":"2023-03-03T18:46:33.505+00:00","status":401,"error":"Unauthorized","message":"User 50 was not found.","path":"/account/50"}]
2023-03-03T13:46:56.8290046 500 : [{"timestamp":"2023-03-03T18:46:56.825+00:00","status":500,"error":"Internal Server Error","message":"Invalid cursor position; nested exception is java.sql.SQLException: Invalid cursor position","path":"/transfer/3001"}]
2023-03-03T13:47:30.831775 500 : [{"timestamp":"2023-03-03T18:47:30.814+00:00","status":500,"error":"Internal Server Error","message":"Invalid cursor position; nested exception is java.sql.SQLException: Invalid cursor position","path":"/transfer/3002"}]
2023-03-03T13:47:48.4533366 500 : [{"timestamp":"2023-03-03T18:47:48.451+00:00","status":500,"error":"Internal Server Error","message":"Invalid cursor position; nested exception is java.sql.SQLException: Invalid cursor position","path":"/transfer/3002"}]
2023-03-03T13:56:41.4724602 500 : [{"timestamp":"2023-03-03T18:56:41.459+00:00","status":500,"error":"Internal Server Error","message":"Invalid cursor position; nested exception is java.sql.SQLException: Invalid cursor position","path":"/transfer/3001"}]
2023-03-03T14:10:04.9973961 500 : [{"timestamp":"2023-03-03T19:10:04.970+00:00","status":500,"error":"Internal Server Error","message":"Invalid cursor position; nested exception is java.sql.SQLException: Invalid cursor position","path":"/transfer/3001"}]
2023-03-03T14:12:32.5323077 500 : [{"timestamp":"2023-03-03T19:12:01.298+00:00","status":500,"error":"Internal Server Error","message":"Invalid cursor position; nested exception is java.sql.SQLException: Invalid cursor position","path":"/transfer/3001"}]
2023-03-03T14:20:01.8382874 500 : [{"timestamp":"2023-03-03T19:20:01.819+00:00","status":500,"error":"Internal Server Error","message":"Invalid cursor position; nested exception is java.sql.SQLException: Invalid cursor position","path":"/transfer/3001"}]
2023-03-03T14:20:08.589633 500 : [{"timestamp":"2023-03-03T19:20:08.588+00:00","status":500,"error":"Internal Server Error","message":"Invalid cursor position; nested exception is java.sql.SQLException: Invalid cursor position","path":"/transfer/3002"}]
2023-03-03T14:20:18.0212866 500 : [{"timestamp":"2023-03-03T19:20:18.019+00:00","status":500,"error":"Internal Server Error","message":"Index -1 out of bounds for length 100","path":"/transfer/0"}]
2023-03-03T14:20:44.1812793 500 : [{"timestamp":"2023-03-03T19:20:44.163+00:00","status":500,"error":"Internal Server Error","message":"Invalid cursor position; nested exception is java.sql.SQLException: Invalid cursor position","path":"/transfer/3002"}]
2023-03-03T14:26:42.071326 500 : [{"timestamp":"2023-03-03T19:26:42.054+00:00","status":500,"error":"Internal Server Error","message":"Invalid cursor position; nested exception is java.sql.SQLException: Invalid cursor position","path":"/transfer/3001"}]
2023-03-03T14:31:47.4439937 500 : [{"timestamp":"2023-03-03T19:31:47.429+00:00","status":500,"error":"Internal Server Error","message":"Invalid cursor position; nested exception is java.sql.SQLException: Invalid cursor position","path":"/transfer/3001"}]
2023-03-03T19:29:49.3512132 500 : [{"timestamp":"2023-03-04T00:29:49.334+00:00","status":500,"error":"Internal Server Error","message":"Invalid cursor position; nested exception is java.sql.SQLException: Invalid cursor position","path":"/transfer/3001"}]
2023-03-03T19:29:57.1889228 500 : [{"timestamp":"2023-03-04T00:29:57.186+00:00","status":500,"error":"Internal Server Error","message":"Invalid cursor position; nested exception is java.sql.SQLException: Invalid cursor position","path":"/transfer/3002"}]
2023-03-03T19:34:12.1490652 500 : [{"timestamp":"2023-03-04T00:34:12.132+00:00","status":500,"error":"Internal Server Error","message":"Invalid cursor position; nested exception is java.sql.SQLException: Invalid cursor position","path":"/transfer/3001"}]
2023-03-03T19:34:19.2001927 500 : [{"timestamp":"2023-03-04T00:34:19.198+00:00","status":500,"error":"Internal Server Error","message":"Index -1 out of bounds for length 100","path":"/transfer/1"}]
2023-03-03T19:48:04.4994837 401 : [no body]
2023-03-03T19:52:17.1096826 I/O error on GET request for "http://localhost:8080/transfer/3001": Connection refused: connect; nested exception is java.net.ConnectException: Connection refused: connect
2023-03-03T19:54:26.5069157 I/O error on GET request for "http://localhost:8080/transfer/3001": Connection refused: connect; nested exception is java.net.ConnectException: Connection refused: connect
2023-03-03T19:55:10.1270441 500 : [{"timestamp":"2023-03-04T00:55:09.276+00:00","status":500,"error":"Internal Server Error","message":"Invalid cursor position; nested exception is java.sql.SQLException: Invalid cursor position","path":"/transfer/3001"}]
2023-03-03T20:01:53.8755487 500 : [{"timestamp":"2023-03-04T01:01:53.633+00:00","status":500,"error":"Internal Server Error","message":"Invalid cursor position; nested exception is java.sql.SQLException: Invalid cursor position","path":"/transfer/3001"}]
2023-03-03T20:04:20.7388439 500 : [{"timestamp":"2023-03-04T01:04:20.726+00:00","status":500,"error":"Internal Server Error","message":"Invalid cursor position; nested exception is java.sql.SQLException: Invalid cursor position","path":"/transfer/3001"}]
2023-03-03T20:04:32.0785117 500 : [{"timestamp":"2023-03-04T01:04:32.076+00:00","status":500,"error":"Internal Server Error","message":"Invalid cursor position; nested exception is java.sql.SQLException: Invalid cursor position","path":"/transfer/3002"}]
2023-03-03T20:04:43.2349561 500 : [{"timestamp":"2023-03-04T01:04:43.233+00:00","status":500,"error":"Internal Server Error","message":"Invalid cursor position; nested exception is java.sql.SQLException: Invalid cursor position","path":"/transfer/3001"}]
2023-03-03T20:06:59.8314781 500 : [{"timestamp":"2023-03-04T01:06:59.818+00:00","status":500,"error":"Internal Server Error","message":"Invalid cursor position; nested exception is java.sql.SQLException: Invalid cursor position","path":"/transfer/3001"}]
2023-03-03T20:10:54.1868121 500 : [{"timestamp":"2023-03-04T01:10:54.173+00:00","status":500,"error":"Internal Server Error","message":"Invalid cursor position; nested exception is java.sql.SQLException: Invalid cursor position","path":"/transfer/3001"}]
2023-03-03T20:12:25.2432664 I/O error on POST request for "http://localhost:8080/login": Connection refused: connect; nested exception is java.net.ConnectException: Connection refused: connect
2023-03-03T20:12:57.5057347 500 : [{"timestamp":"2023-03-04T01:12:57.500+00:00","status":500,"error":"Internal Server Error","message":"PreparedStatementCallback; bad SQL grammar [SELECT SELECT transfer_id, transfer_type_id, transfer_s... (419 bytes)]
2023-03-03T20:13:15.4725367 500 : [{"timestamp":"2023-03-04T01:13:15.470+00:00","status":500,"error":"Internal Server Error","message":"PreparedStatementCallback; bad SQL grammar [SELECT SELECT transfer_id, transfer_type_id, transfer_s... (419 bytes)]
2023-03-03T20:13:22.5409926 500 : [{"timestamp":"2023-03-04T01:13:22.539+00:00","status":500,"error":"Internal Server Error","message":"PreparedStatementCallback; bad SQL grammar [SELECT SELECT transfer_id, transfer_type_id, transfer_s... (416 bytes)]
2023-03-03T20:14:13.2143584 500 : [{"timestamp":"2023-03-04T01:14:13.202+00:00","status":500,"error":"Internal Server Error","message":"PreparedStatementCallback; bad SQL grammar [SELECT SELECT transfer_id, transfer_type_id, transfer_s... (419 bytes)]
2023-03-03T20:25:16.785943 500 : [{"timestamp":"2023-03-04T01:25:16.771+00:00","status":500,"error":"Internal Server Error","message":"PreparedStatementCallback; bad SQL grammar [SELECT SELECT transfer_id, transfer_type_id, transfer_s... (419 bytes)]
2023-03-03T20:32:16.2074613 500 : [{"timestamp":"2023-03-04T01:32:16.194+00:00","status":500,"error":"Internal Server Error","message":"Cannot invoke \"com.techelevator.tenmo.dao.TransferDao.listAllTransfers()\" because \"this.transferDao\" is null","path":"/transfers"}]
2023-03-03T20:32:24.4904689 500 : [{"timestamp":"2023-03-04T01:32:24.489+00:00","status":500,"error":"Internal Server Error","message":"Cannot invoke \"com.techelevator.tenmo.dao.TransferDao.listAllTransfers()\" because \"this.transferDao\" is null","path":"/transfers"}]
2023-03-03T20:32:46.1581089 500 : [{"timestamp":"2023-03-04T01:32:46.145+00:00","status":500,"error":"Internal Server Error","message":"Cannot invoke \"com.techelevator.tenmo.dao.TransferDao.listAllTransfers()\" because \"this.transferDao\" is null","path":"/transfers"}]
2023-03-03T20:32:48.3659333 500 : [{"timestamp":"2023-03-04T01:32:48.364+00:00","status":500,"error":"Internal Server Error","message":"Cannot invoke \"com.techelevator.tenmo.dao.TransferDao.getById(java.lang.Long)\" because \"this.transferDao\" is null","path":"/transfer/2"}]
2023-03-03T20:38:45.5375136 500 : [{"timestamp":"2023-03-04T01:38:45.525+00:00","status":500,"error":"Internal Server Error","message":"Invalid cursor position; nested exception is java.sql.SQLException: Invalid cursor position","path":"/transfer/3001"}]
